::1 - - [29/Nov/2018:21:13:41 +0000] "GET /api/status HTTP/1.1" 304 -
::1 - - [29/Nov/2018:21:13:45 +0000] "GET /api/status HTTP/1.1" 304 -
::1 - - [29/Nov/2018:21:13:48 +0000] "GET /api/butt HTTP/1.1" 404 147
::1 - - [29/Nov/2018:22:07:36 +0000] "GET /api/contacts HTTP/1.1" 200 74
::1 - - [29/Nov/2018:22:09:16 +0000] "GET /api/contacts HTTP/1.1" 200 74
::1 - - [29/Nov/2018:22:11:45 +0000] "POST /api/ HTTP/1.1" 404 144
::1 - - [29/Nov/2018:22:11:57 +0000] "POST /api/contacts HTTP/1.1" 200 208
::1 - - [29/Nov/2018:22:12:01 +0000] "GET /api/contacts HTTP/1.1" 200 240
::1 - - [29/Nov/2018:22:28:53 +0000] "GET /api/contacts HTTP/1.1" 200 72
::1 - - [29/Nov/2018:22:28:55 +0000] "GET /api/contacts HTTP/1.1" 200 72
::1 - - [29/Nov/2018:22:29:29 +0000] "POST /api/contacts HTTP/1.1" 200 74
::1 - - [29/Nov/2018:22:29:36 +0000] "GET /api/contacts HTTP/1.1" 200 72
::1 - - [29/Nov/2018:22:29:40 +0000] "GET /api/contacts HTTP/1.1" 200 72
::1 - - [29/Nov/2018:22:29:43 +0000] "POST /api/contacts HTTP/1.1" 200 74
::1 - - [29/Nov/2018:22:29:44 +0000] "POST /api/contacts HTTP/1.1" 200 74
::1 - - [29/Nov/2018:22:29:46 +0000] "GET /api/contacts HTTP/1.1" 200 72
::1 - - [29/Nov/2018:22:36:17 +0000] "GET /api/contacts HTTP/1.1" 200 72
::1 - - [29/Nov/2018:22:36:19 +0000] "POST /api/contacts HTTP/1.1" 200 210
::1 - - [29/Nov/2018:22:37:23 +0000] "POST /api/contacts HTTP/1.1" 200 192
::1 - - [29/Nov/2018:22:37:27 +0000] "GET /api/contacts HTTP/1.1" 200 72
::1 - - [29/Nov/2018:22:37:28 +0000] "GET /api/contacts HTTP/1.1" 200 72
::1 - - [29/Nov/2018:22:38:14 +0000] "GET /api/contacts HTTP/1.1" 200 72
::1 - - [29/Nov/2018:22:38:15 +0000] "POST /api/contacts HTTP/1.1" 200 192
::1 - - [29/Nov/2018:22:38:17 +0000] "GET /api/contacts HTTP/1.1" 200 72
::1 - - [29/Nov/2018:22:38:18 +0000] "GET /api/contacts HTTP/1.1" 200 72
::1 - - [29/Nov/2018:22:38:18 +0000] "GET /api/contacts HTTP/1.1" 200 72
::1 - - [29/Nov/2018:22:38:52 +0000] "GET /api/orders HTTP/1.1" 200 72
::1 - - [29/Nov/2018:22:38:55 +0000] "GET /api/contacts HTTP/1.1" 404 151
::1 - - [29/Nov/2018:22:38:58 +0000] "GET /api/orders HTTP/1.1" 200 72
::1 - - [29/Nov/2018:22:39:04 +0000] "POST /api/orders HTTP/1.1" 200 192
::1 - - [29/Nov/2018:22:39:15 +0000] "GET /api/contacts/5c006a88cd76e0a75558d378 HTTP/1.1" 404 176
::1 - - [29/Nov/2018:22:39:16 +0000] "GET /api/contacts/5c006a88cd76e0a75558d378 HTTP/1.1" 404 176
::1 - - [29/Nov/2018:22:39:17 +0000] "GET /api/contacts/5c006a88cd76e0a75558d378 HTTP/1.1" 404 176
::1 - - [29/Nov/2018:22:39:31 +0000] "GET /api/orders/5c006a88cd76e0a75558d378 HTTP/1.1" 200 49
::1 - - [29/Nov/2018:22:39:50 +0000] "GET /api/orders/5c006a88cd76e0a75558d378 HTTP/1.1" 200 49
::1 - - [29/Nov/2018:23:36:41 +0000] "GET /api/orders HTTP/1.1" 404 149
::1 - - [30/Nov/2018:00:26:49 +0000] "POST /api/orders/ HTTP/1.1" 201 84
::1 - - [30/Nov/2018:00:26:54 +0000] "POST /api/orders/ HTTP/1.1" 400 112
::1 - - [30/Nov/2018:00:26:58 +0000] "POST /api/orders/ HTTP/1.1" 400 115
::1 - - [30/Nov/2018:00:27:00 +0000] "POST /api/orders/ HTTP/1.1" 400 111
::1 - - [30/Nov/2018:00:27:04 +0000] "GET /api/orders/ HTTP/1.1" 200 200
::1 - - [30/Nov/2018:00:27:06 +0000] "POST /api/orders/ HTTP/1.1" 201 84
::1 - - [30/Nov/2018:00:27:08 +0000] "GET /api/orders/ HTTP/1.1" 200 293
::1 - - [30/Nov/2018:00:27:29 +0000] "POST /api/orders/ HTTP/1.1" 201 102
::1 - - [30/Nov/2018:00:27:31 +0000] "GET /api/orders/ HTTP/1.1" 200 404
::1 - - [30/Nov/2018:00:27:34 +0000] "GET /api/orders/ HTTP/1.1" 200 404
::1 - - [30/Nov/2018:00:27:41 +0000] "POST /api/orders/ HTTP/1.1" 201 102
::1 - - [30/Nov/2018:00:27:42 +0000] "GET /api/orders/ HTTP/1.1" 200 515
::1 - - [30/Nov/2018:00:27:48 +0000] "GET /api/orders/ HTTP/1.1" 200 515
::1 - - [30/Nov/2018:00:27:54 +0000] "POST /api/orders/ HTTP/1.1" 201 102
::1 - - [30/Nov/2018:00:28:01 +0000] "GET /api/orders/ HTTP/1.1" 200 626
::1 - - [30/Nov/2018:00:28:34 +0000] "GET /api/orders/ HTTP/1.1" 200 626
::1 - - [30/Nov/2018:00:28:38 +0000] "POST /api/orders/ HTTP/1.1" 201 102
::1 - - [30/Nov/2018:00:28:51 +0000] "GET /api/orders/ HTTP/1.1" 200 737
::1 - - [30/Nov/2018:00:28:53 +0000] "GET /api/orders/ HTTP/1.1" 200 737
::1 - - [30/Nov/2018:00:28:55 +0000] "POST /api/orders/ HTTP/1.1" 201 102
::1 - - [30/Nov/2018:00:28:57 +0000] "GET /api/orders/ HTTP/1.1" 200 848
